Arguments: 
  C:\Program Files\nodejs\node.exe C:\Program Files (x86)\Yarn\bin\yarn.js add acasecond

PATH: 
  C:\Users\lxx\bin;C:\Program Files\Git\mingw64\bin;C:\Program Files\Git\usr\local\bin;C:\Program Files\Git\usr\bin;C:\Program Files\Git\usr\bin;C:\Program Files\Git\mingw64\bin;C:\Program Files\Git\usr\bin;C:\Users\lxx\bin;C:\Program Files (x86)\Common Files\Oracle\Java\javapath;C:\WINDOWS\system32;C:\WINDOWS;C:\WINDOWS\System32\Wbem;C:\WINDOWS\System32\WindowsPowerShell\v1.0;C:\WINDOWS\System32\OpenSSH;C:\mingw64\mingw64\bin;C:\Program Files\nodejs;C:\Program Files\Git\cmd;C:\Users\lxx\AppData\Local\Programs\Python\Python37;C:\Users\lxx\AppData\Local\Programs\Python\Python37\Scripts;C:\Users\lxx\Downloads\mysql-8.0.17-winx64\mysql-8.0.17-winx64\bin;C:\Users\lxx\AppData\Local\Programs\Python\Python27;C:\Users\lxx\AppData\Local\Programs\Python\Python27\Scripts;C:\Program Files (x86)\Yarn\bin;C:\Users\lxx\scoop\shims;C:\Users\lxx\AppData\Roaming\npm;C:\Users\lxx\AppData\Local\Programs\Fiddler;C:\Users\lxx\AppData\Local\Programs\Microsoft VS Code Insiders\bin;C:\Users\lxx\nginx\nginx-1.16.1;C:\Users\lxx\AppData\Local\Programs\Microsoft VS Code Insiders;C:\Program Files\Java\jdk1.8.0_192\bin;C:\Users\lxx\code\antlr-cmd;C:\Program Files\MongoDB\Server\4.2\bin;C:\Users\lxx\AppData\Local\Microsoft\WindowsApps;C:\Users\lxx\AppData\Local\Yarn\bin;C:\protoc-3.11.4-win64\bin;C:\Program Files\erl10.7\bin;C:\Program Files\Git\usr\bin\vendor_perl;C:\Program Files\Git\usr\bin\core_perl

Yarn version: 
  1.22.4

Node version: 
  10.16.0

Platform: 
  win32 x64

Trace: 
  Error: https://registry.npm.taobao.org/acasecond: Not found
      at Request.params.callback [as _callback] (C:\Program Files (x86)\Yarn\lib\cli.js:66096:18)
      at Request.self.callback (C:\Program Files (x86)\Yarn\lib\cli.js:140748:22)
      at Request.emit (events.js:198:13)
      at Request.<anonymous> (C:\Program Files (x86)\Yarn\lib\cli.js:141720:10)
      at Request.emit (events.js:198:13)
      at IncomingMessage.<anonymous> (C:\Program Files (x86)\Yarn\lib\cli.js:141642:12)
      at Object.onceWrapper (events.js:286:20)
      at IncomingMessage.emit (events.js:203:15)
      at endReadableNT (_stream_readable.js:1129:12)
      at process._tickCallback (internal/process/next_tick.js:63:19)

npm manifest: 
  No manifest

yarn manifest: 
  No manifest

Lockfile: 
  # THIS IS AN AUTOGENERATED FILE. DO NOT EDIT THIS FILE DIRECTLY.
  # yarn lockfile v1
